[Mon Dec 21 20:21:54 2015] install: avantgar
[Mon Dec 21 20:21:55 2015] install: bookman
[Mon Dec 21 20:21:56 2015] install: charter
[Mon Dec 21 20:22:05 2015] install: cm-super
[Mon Dec 21 20:22:05 2015] install: cmextra
[Mon Dec 21 20:22:06 2015] install: courier
[Mon Dec 21 20:22:08 2015] install: ec
[Mon Dec 21 20:22:09 2015] install: euro
[Mon Dec 21 20:22:10 2015] install: euro-ce
[Mon Dec 21 20:22:10 2015] install: eurosym
[Mon Dec 21 20:22:12 2015] install: fpl
[Mon Dec 21 20:22:12 2015] install: helvetic
[Mon Dec 21 20:22:21 2015] install: lm
[Mon Dec 21 20:22:22 2015] install: lm-math
[Mon Dec 21 20:22:23 2015] install: manfnt-font
[Mon Dec 21 20:22:24 2015] install: marvosym
[Mon Dec 21 20:22:26 2015] install: mathpazo
[Mon Dec 21 20:22:26 2015] install: mflogo-font
[Mon Dec 21 20:22:27 2015] install: ncntrsbk
[Mon Dec 21 20:22:28 2015] install: palatino
[Mon Dec 21 20:22:29 2015] install: pxfonts
[Mon Dec 21 20:22:30 2015] install: rsfs
[Mon Dec 21 20:22:30 2015] install: symbol
[Mon Dec 21 20:22:35 2015] install: tex-gyre
[Mon Dec 21 20:22:36 2015] install: tex-gyre-math
[Mon Dec 21 20:22:36 2015] install: times
[Mon Dec 21 20:22:39 2015] install: tipa
[Mon Dec 21 20:22:41 2015] install: txfonts
[Mon Dec 21 20:22:42 2015] install: utopia
[Mon Dec 21 20:22:43 2015] install: wasy
[Mon Dec 21 20:22:43 2015] install: wasy2-ps
[Mon Dec 21 20:22:44 2015] install: wasysym
[Mon Dec 21 20:22:44 2015] install: zapfchan
[Mon Dec 21 20:22:45 2015] install: zapfding
[Mon Dec 21 20:22:45 2015] install: collection-fontsrecommended
[Mon Dec 21 20:22:57 2015] install: xcolor
[Mon Dec 21 20:23:30 2015] install: tabu
[Mon Dec 21 20:23:37 2015] install: pbox
[Mon Dec 21 20:24:48 2015] install: multirow
[Mon Dec 21 20:27:58 2015] install: varwidth
